FFA59C04D8
FF08CDE816
FF888804D1
FEA14E587C
FFB8383BF2
FF985F29D1
FF1D166D65
FF03BE56FD
FEE37F4E26
FF0DC747D1
FEFBF56BA0
00537B3E01
FF8B143A2D
FFCD17045A
005FC83E4D
0008ECE93F
00CB910F47
0028C21C50
00D804C2C3
FEA5761B6B
00214EFA8E
FEC88221AD
FEF22CAD43
FF670F9A3C
FF6E8E1C2B
00388DA72B
FFD93A33C1
009625CDBF
FF5BE64CD3
000DF87A41
000896A0D8
00A2FAD073
FF7F8F7790
01378277F5
003FBB9C30
000B73A024
010BA48720
010CC1E5A7
FFB9DD4674
FFC36B2D63
000B4ADA64
FE0D3177E9
0173BD5DDD
FF981A67E2
0055DDB88B
01062DDD04
003C13D742
00B4D580A8
00C88AC887
00D1EAD6DA
FFAFFA9E0F
011E9AFC50
FFA5F66BF8
00A4D28238
00B343D019
0084D5F892
00846E7552
FF3D58BE3F
01942734D9
00AD354691
0134F2EFB9
00773BA14B
007CE8266F
00CD0BAB18
0094F55DB3
01E176E920
0250AB6523
017406EF57
01DE2D464D
01C3CA8E7A
00A5C8AAE5
02748E44BB
000AF565BB
01DBF4A70F
007BB4D98B
013B35BD73
016A22076D
023C4BE58E
01BF5664F0
00BA95F446
03625ED13F
01819538AE
03DE5291B5
01D0FBBE10
024BCC4559
00DBD53B8D
0233263E9F
03851D4991
0382196E3F
04646BF67A
02EA4479C7
0263E14726
03A7FE2ACF
03A9C1AFA6
01697742A7
00D38A09E5
02CCB4C4F6
0091231CDA
032E629237
0183AAD615
02158CE70F
00E18DCBCD
028360223B
02CC5B1745
01CE800BFB
01A0153AA0
01A94C26A3
021C44989B
0263725361
041F07365E
FFBCBDD13A
02C9F054EB
03291F4BF2
0123D5D733
020307C83A
0276030916
021C702DDD
00DDC5F9C3
01B6D4AC13
00978B8295
017A8884C6
01844EF510
016D3C1BFF
0286C3A823
00713CD8B6
FEA406B244
01DEFF4D4A
01732B2EB9
01BE2B65EE
024C2FEDE1
02222C9CCF
012B1F4B63
034FC194A5
03A11D36CC
02622C48F1
0355A17BAC
044A834ADA
04AFAC42B8
032319AF7B
041AB58061
01B67FD4F4
00EEF85BCC
036C8AB5A2
01E474518C
0363397279
028D075D0B
021729CD0D
01D99B8C66
014D20E210
04A99430AD
0117F843A1
02EB18AA4F
038BB4BE01
02C4BD0D6D
03CD22B5F6
0642F81279
01BE9A317E
031D6311F3
0433F0C7E5
03EF5FB0CE
0280872BF2
04CDD90E73
04EA6B758F
02F8E4F6EC
0572126C72
04B31A2859
06D6048714
01E7BC3445
04AC163069
04B3D9D103
03DED8A346
05C2BA110D
04A8D035B5
066613F2EF
05A2523F71
05A3F4F036
02BE0EB7AC
03FCCE535F
041E7A1801
04D7C91D2B
01AC5367C4
05744EF4C7
0754C602D6
0355084838
07D3EBFFBF
05A97C8C33
040ADE66EB
0620C2E6F8
04EB088E92
04E37C16AE
053443715D
03EAFBE796
05224B0A5D
04E511E996
0269C1CA69
01EB494BA8
0155097598
046A569778
0356E745A1
05571E3ED1
060987ECB3
0284A11078
05C0E82C0B
032BFC25F8
06E7DDB1DA
065C00B97E
06C004FA3D
03B8EB4C0F
0952E26099
07A0901A91
06BFD31601
0713915F3F
05C585D5FC
06CD54E245
0328BFEE57
071D16F381
0406B8439C
041EDAA842
0791F6B729
06C6A9FD55
03E4E554AE
066E4EC8D9
042A0F11CA
041E5F85E3
06346D0D2B
0413D53627
081A115216
058097452C
045AD80D16
04C447A6FE
02D7939923
061F114F10
04DD1371EF
09812FC76F
02E716567D
06E99059EB
06578580C0
082A0B61A3
07308C726F
0669324B9D
077B71BF8A
0237F22538
07912F6C2C
0637122057
040A6E04DB
074FE3F6FB
06485DC5EC
05B68BDFDE
06D3F640DF
080E10784D
04AE48C0EF
0664AD40D4
06B9BF2E02
09C67CACF2
0669D68F7D
09A0CFBC11
0507E99D40
067000FCA1
05B6306BAB
0AFBCC370E
0727EADCE1
06C09EAE55
04BFD381D7
0732E47198
07B1754934
0564D7226A
05B00E40ED
06BEE795A4
05CB60B73A
07AA7455B1
04BB8A420D
071ACD066E
07F3316355
0726E87B04
08E5CAA38D
06BD7CABC5
06A182C287
05EF248205
08B2ADDB46
065F003DF9
08E98ED163
081E9F80EA
0926AFEC5D
05C7F2065F
079EC79694
0597C7BD0B
049DA32BE8
0821CEBD92
08F99A9D20
04A5993285
075A1195AD
072DC81A5C
059B7DB2DB
062DBF197E
057ACAB15D
053556CCE9
05603E8BD0
040D3D4DE0
072A2364E7
0747015A1D
06390B2428
05AFA05082
08B4B53BB4
099BBCF9D4
0861229769
07F1FD778F
053CF252FF
0724E29248
096076A1ED
07FFD4EA04
0784930772
07F50AB05D
0628F56D6A
0631392E70
097E8B9354
051D170914
07FF841535
06DCC5AB7A
05AD5A79A6
05D4A1D8B3
0324E70EEF
07BD70BA46
0839469308
072E18838C
085A53EDAB
0637096325
098BC42C3D
0995CBAC47
0779A6BD64
07FAC5BC04
045390C912
0668FE17E3
05B0C58571
05A2877FDA
070939B9E5
08D285C66A
0739299EE2
085C1F407E
05BF350663
072D3E294E
068B9D13DD
07B836C0EC
0568428129
077E269697
06499CC1EE
0704C6AD6B
05FA054BA2
060C0305A5
0896132EA1
073CEB9288
09711CD220
04AA9F23A5
06786D26FD
05FC913540
07865D6D25
08922DDD50
03E8355B98
0536DA45DD
0737A62227
072C9E866F
0928DE4461
08E569904D
06C2A4955C
0684452586
080DF6CA83
07640913AA
08FFCD41BE
0466EBBB9E
075A44BD61
0789973915
0703122D2B
05F1A821B6
06D3B1832D
0600BC5883
0769C7D2F5
079F0973D5
074FA7630B
07D1774DA8
090E899CDB
08C7BD99DC
0892B8F17F
0AE6E226AC
040BAE88B8
03F30345BC
087A77E996
0537B327D4
042469F7D7
06136448B9
07A87EEF5F
0771FFAC7E
072CD1CA76
065756E533
059869716A
077988A0CD
068849CA91
08A7E69D42
06E30EACB0
05B81BC184
09F88B2E42
097385CDF5
07DC6708E0
08F16D5E13
09D7CFFAEF
06622BD2EF
0751A109D5
08650D6B98
03C730636E
06BEEB08DB
06EB9FAF9D
068A664C97
03585210CE
087EB9ED2F
073E96C3E9
095D7FA9A3
07C76A69DF
07100D2E11
067DF816E1
0895B08999
072A82D4DA
070F9B1545
07EE4AC862
086DA8518E
0911F0646F
048DE68546
06CE6A58EC
06CED95C3A
0665F7DA2F
07FFFD3733
0722085428
06FB0DBF82
04D7FD3F11
041CF7892B
07044A7D2A
0782DC8FF6
06FC78FAB8
058B771D69
054D980D18
0568412EB5
060ADADB45
091840C499
0948342891
0780F516CD
05D6CF7213
0854D4FD34
0A216B58B1
0854AF8882
084745452B
08DB2DE7E9
09DA9C3A31
066125A2CF
099B90D4FE
059223BB9C
056845BF70
0767BDE388
0702DB4F9B
0859D95456
05ABECA3E3
0678A5EA75
09180A3494
06C188C84A
059E5A4BDD
04791B81AC
06E54C4970
0566D92507
0796040D7E
08355CE276
09CD4C170F
0822A9C247
08DC042E19
06DAA11607
07C4D66A0C
07C004E823
07323A8B72
04CFB498C7
085C22FEE7
0854319506
09C9719E3E
0954899A22
05A0BFE6D1
0770CFB522
07AE406223
0739389AC8
082214AEBA
0442E9E850
08B2237325
0401D988BC
0949FFC5F3
05BEF29675
0789442BDE
0AA891C4E3
0782684A9E
07517E2302
058903EDDD
0893C9146B
0841CB09BC
083993780D
083C5F51C7
0687FE8D1D
087E17A91A
07C5BFB32D
078433CAD8
0710B33CC9
06B431319E
077D8B7BEC
05F07CF214
0428A2BDEF
03CDDA1231
07F127FB2E
06B874F69F
05C3943E49
08F21D08B3
065B874E86
